Unity Editor version:    2020.3.22f1 (e1a7f79fd887)
Branch:                  2020.3/staging
Build type:              Release
Batch mode:              YES
macOS version:           Version 12.0.1 (Build 21A559)
Darwin version:          21.1.0
Architecture:            x86_64
Running under Rosetta:   NO
Available memory:        16384 MB
Using pre-set license
Pro License: NO

COMMAND LINE ARGUMENTS:
/Applications/Unity/Hub/Editor/2020.3.22f1/Unity.app/Contents/MacOS/Unity
-adb2
-batchMode
-noUpm
-name
AssetImportWorker0
-projectPath
/Users/greasy_panic/Desktop/FALL 2021/IMM 360/Project2-MyLifeThenNowAndFuture
-logFile
Logs/AssetImportWorker0.log
-srvPort
62138
Successfully changed project path to: /Users/greasy_panic/Desktop/FALL 2021/IMM 360/Project2-MyLifeThenNowAndFuture
/Users/greasy_panic/Desktop/FALL 2021/IMM 360/Project2-MyLifeThenNowAndFuture
Using Asset Import Pipeline V2.
Refreshing native plugins compatible for Editor in 59.55 ms, found 2 plugins.
Preloading 0 native plugins for Editor in 0.00 ms.
Initialize engine version: 2020.3.22f1 (e1a7f79fd887)
[Subsystems] Discovering subsystems at path /Applications/Unity/Hub/Editor/2020.3.22f1/Unity.app/Contents/Resources/UnitySubsystems
[Subsystems] Discovering subsystems at path /Users/greasy_panic/Desktop/FALL 2021/IMM 360/Project2-MyLifeThenNowAndFuture/Assets
GfxDevice: creating device client; threaded=0
2021-11-18 00:43:12.956 Unity[68729:527485] Color LCD preferred device: Intel(R) UHD Graphics 630 (low power)
2021-11-18 00:43:12.956 Unity[68729:527485] Metal devices available: 2
2021-11-18 00:43:12.956 Unity[68729:527485] 0: AMD Radeon Pro 560X (high power)
2021-11-18 00:43:12.956 Unity[68729:527485] 1: Intel(R) UHD Graphics 630 (low power)
2021-11-18 00:43:12.957 Unity[68729:527485] Using device AMD Radeon Pro 560X (high power)
Initializing Metal device caps: AMD Radeon Pro 560X
Initialize mono
Mono path[0] = '/Applications/Unity/Hub/Editor/2020.3.22f1/Unity.app/Contents/Managed'
Mono path[1] = '/Applications/Unity/Hub/Editor/2020.3.22f1/Unity.app/Contents/MonoBleedingEdge/lib/mono/unityjit'
Mono config path = '/Applications/Unity/Hub/Editor/2020.3.22f1/Unity.app/Contents/MonoBleedingEdge/etc'
Using monoOptions --debugger-agent=transport=dt_socket,embedding=1,server=y,suspend=n,address=127.0.0.1:56729
Begin MonoManager ReloadAssembly
Registering precompiled unity dll's ...
Register platform support module: /Applications/Unity/Hub/Editor/2020.3.22f1/PlaybackEngines/WebGLSupport/UnityEditor.WebGL.Extensions.dll
Register platform support module: /Applications/Unity/Hub/Editor/2020.3.22f1/Unity.app/Contents/PlaybackEngines/MacStandaloneSupport/UnityEditor.OSXStandalone.Extensions.dll
Registered in 0.003781 seconds.
Native extension for OSXStandalone target not found
Native extension for WebGL target not found
Refreshing native plugins compatible for Editor in 43.43 ms, found 2 plugins.
Preloading 0 native plugins for Editor in 0.00 ms.
Mono: successfully reloaded assembly
- Completed reload, in  1.784 seconds
Domain Reload Profiling:
	ReloadAssembly (1784ms)
		BeginReloadAssembly (35ms)
			ExecutionOrderSort (0ms)
			DisableScriptedObjects (0ms)
			BackupInstance (0ms)
			ReleaseScriptingObjects (0ms)
			CreateAndSetChildDomain (1ms)
		EndReloadAssembly (451ms)
			LoadAssemblies (37ms)
			RebuildTransferFunctionScriptingTraits (0ms)
			SetupTypeCache (162ms)
			ReleaseScriptCaches (0ms)
			RebuildScriptCaches (34ms)
			SetupLoadedEditorAssemblies (176ms)
				LogAssemblyErrors (0ms)
				InitializePlatformSupportModulesInManaged (4ms)
				SetLoadedEditorAssemblies (0ms)
				RefreshPlugins (43ms)
				BeforeProcessingInitializeOnLoad (8ms)
				ProcessInitializeOnLoadAttributes (92ms)
				ProcessInitializeOnLoadMethodAttributes (28ms)
				AfterProcessingInitializeOnLoad (0ms)
				EditorAssembliesLoaded (0ms)
			ExecutionOrderSort2 (0ms)
			AwakeInstancesAfterBackupRestoration (0ms)
Platform modules already initialized, skipping
Registering precompiled user dll's ...
Registered in 0.008129 seconds.
Begin MonoManager ReloadAssembly
Native extension for OSXStandalone target not found
Native extension for WebGL target not found
Refreshing native plugins compatible for Editor in 40.90 ms, found 2 plugins.
Preloading 0 native plugins for Editor in 0.00 ms.
Mono: successfully reloaded assembly
- Completed reload, in  1.503 seconds
Domain Reload Profiling:
	ReloadAssembly (1505ms)
		BeginReloadAssembly (130ms)
			ExecutionOrderSort (0ms)
			DisableScriptedObjects (4ms)
			BackupInstance (0ms)
			ReleaseScriptingObjects (0ms)
			CreateAndSetChildDomain (20ms)
		EndReloadAssembly (1313ms)
			LoadAssemblies (96ms)
			RebuildTransferFunctionScriptingTraits (0ms)
			SetupTypeCache (312ms)
			ReleaseScriptCaches (1ms)
			RebuildScriptCaches (53ms)
			SetupLoadedEditorAssemblies (730ms)
				LogAssemblyErrors (0ms)
				InitializePlatformSupportModulesInManaged (5ms)
				SetLoadedEditorAssemblies (0ms)
				RefreshPlugins (41ms)
				BeforeProcessingInitializeOnLoad (54ms)
				ProcessInitializeOnLoadAttributes (618ms)
				ProcessInitializeOnLoadMethodAttributes (10ms)
				AfterProcessingInitializeOnLoad (1ms)
				EditorAssembliesLoaded (0ms)
			ExecutionOrderSort2 (0ms)
			AwakeInstancesAfterBackupRestoration (6ms)
Platform modules already initialized, skipping
Validating Project structure ... 0.025234 seconds.
Shader import version has changed; will reimport all shaders...
Upgrading shader files ...0.008510 seconds.
Application.AssetDatabase Initial Script Refresh Start
RefreshInfo: InitialScriptRefreshV2(NoUpdateAssetOptions) scanfilter:  ... 1 filters
RefreshProfiler: Total: 0.000ms
Application.AssetDatabase Initial Script Refresh End
Application.AssetDatabase.Refresh Start
Application.AssetDatabase.Refresh End
RefreshInfo: StopAssetImportingV2(ForceSynchronousImport) scanfilter: 
RefreshProfiler: Total: 0.000ms
Launching external process: /Applications/Unity/Hub/Editor/2020.3.22f1/Unity.app/Contents/Tools/UnityShaderCompiler
Launched and connected shader compiler UnityShaderCompiler after 0.02 seconds
Initializing Unity extensions:
2021-11-18 00:43:18.638 Unity[68729:527485] NSEventModifierFlagFunction specified to -setKeyEquivalentModifierMask: for item <NSMenuItem: 0x600002cadf80 Font Asset, ke='Command-F12'>, but is only supported for system-provided menu items; will not be used
2021-11-18 00:43:18.642 Unity[68729:527485] NSEventModifierFlagFunction specified to -setKeyEquivalentModifierMask: for item <NSMenuItem: 0x600002cb9880 Font Asset, ke='Command-F12'>, but is only supported for system-provided menu items; will not be used
========================================================================
Worker process is ready to serve import requests
Refreshing native plugins compatible for Editor in 0.44 ms, found 2 plugins.
Preloading 0 native plugins for Editor in 0.00 ms.
Unloading 2381 Unused Serialized files (Serialized files now loaded: 0)
System memory in use before: 289.0 MB.
System memory in use after: 288.3 MB.

Unloading 124 unused Assets to reduce memory usage. Loaded Objects now: 2884.
Total: 3.590665 ms (FindLiveObjects: 0.255916 ms CreateObjectMapping: 0.087693 ms MarkObjects: 2.829454 ms  DeleteObjects: 0.416874 ms)

AssetImportParameters requested are different than current active one (requested -> active):
  custom:video-decoder-ogg-theora: a1e56fd34408186e4bbccfd4996cb3dc -> 
  custom:container-muxer-webm: aa71ff27fc2769a1b78a27578f13a17b -> 
  custom:container-demuxer-webm: 4f35f7cbe854078d1ac9338744f61a02 -> 
  custom:container-demuxer-ogg: 62fdf1f143b41e24485cea50d1cbac27 -> 
  custom:video-encoder-webm-vp8: eb34c28f22e8b96e1ab97ce403110664 -> 
  custom:framework-osx-AVFoundation: e770b220cccbd017edd2c1fefb359320 -> 
  custom:video-decoder-webm-vp8: 9c59270c3fd7afecdb556c50c9e8de78 -> 
  custom:audio-decoder-ogg-vorbis: bf7c407c2cedff20999df2af8eb42d56 -> 
  custom:audio-encoder-webm-vorbis: bf7c407c2cedff20999df2af8eb42d56 -> 
========================================================================
Received Import Request.
  path: Assets/ImportedAssets/SkySerie Freebie/FreebieHdri
  artifactKey: Guid(d78fe5a22bec38d43bbe7e846ac3925a) Importer(815301076,1909f56bfc062723c751e8b465ee728b)
Start importing Assets/ImportedAssets/SkySerie Freebie/FreebieHdri using Guid(d78fe5a22bec38d43bbe7e846ac3925a) Importer(815301076,1909f56bfc062723c751e8b465ee728b)  -> (artifact id: 'eed6af81f094f55c09c90bbf13c3e8f8') in 0.004436 seconds 
  Import took 0.007937 seconds .

========================================================================
Received Prepare
Refreshing native plugins compatible for Editor in 1.78 ms, found 2 plugins.
Preloading 0 native plugins for Editor in 0.00 ms.
Unloading 16 Unused Serialized files (Serialized files now loaded: 0)
System memory in use before: 234.6 MB.
System memory in use after: 234.6 MB.

Unloading 16 unused Assets to reduce memory usage. Loaded Objects now: 2884.
Total: 3.003505 ms (FindLiveObjects: 0.205896 ms CreateObjectMapping: 0.086328 ms MarkObjects: 2.532758 ms  DeleteObjects: 0.177970 ms)

AssetImportParameters requested are different than current active one (requested -> active):
  custom:video-decoder-ogg-theora: a1e56fd34408186e4bbccfd4996cb3dc -> 
  custom:container-muxer-webm: aa71ff27fc2769a1b78a27578f13a17b -> 
  custom:container-demuxer-webm: 4f35f7cbe854078d1ac9338744f61a02 -> 
  custom:container-demuxer-ogg: 62fdf1f143b41e24485cea50d1cbac27 -> 
  custom:video-encoder-webm-vp8: eb34c28f22e8b96e1ab97ce403110664 -> 
  custom:framework-osx-AVFoundation: e770b220cccbd017edd2c1fefb359320 -> 
  custom:video-decoder-webm-vp8: 9c59270c3fd7afecdb556c50c9e8de78 -> 
  custom:audio-decoder-ogg-vorbis: bf7c407c2cedff20999df2af8eb42d56 -> 
  custom:audio-encoder-webm-vorbis: bf7c407c2cedff20999df2af8eb42d56 -> 
========================================================================
Received Prepare
Registering precompiled user dll's ...
Registered in 0.003402 seconds.
Begin MonoManager ReloadAssembly
Native extension for OSXStandalone target not found
Native extension for WebGL target not found
Refreshing native plugins compatible for Editor in 0.47 ms, found 2 plugins.
Preloading 0 native plugins for Editor in 0.00 ms.
2021-11-18 00:44:11.464 Unity[68729:527485] NSEventModifierFlagFunction specified to -setKeyEquivalentModifierMask: for item <NSMenuItem: 0x600002f26f40 Font Asset, ke='Command-F12'>, but is only supported for system-provided menu items; will not be used
Mono: successfully reloaded assembly
- Completed reload, in  1.441 seconds
Domain Reload Profiling:
	ReloadAssembly (1441ms)
		BeginReloadAssembly (114ms)
			ExecutionOrderSort (0ms)
			DisableScriptedObjects (4ms)
			BackupInstance (0ms)
			ReleaseScriptingObjects (0ms)
			CreateAndSetChildDomain (44ms)
		EndReloadAssembly (1272ms)
			LoadAssemblies (71ms)
			RebuildTransferFunctionScriptingTraits (0ms)
			SetupTypeCache (325ms)
			ReleaseScriptCaches (1ms)
			RebuildScriptCaches (46ms)
			SetupLoadedEditorAssemblies (699ms)
				LogAssemblyErrors (0ms)
				InitializePlatformSupportModulesInManaged (5ms)
				SetLoadedEditorAssemblies (1ms)
				RefreshPlugins (1ms)
				BeforeProcessingInitializeOnLoad (114ms)
				ProcessInitializeOnLoadAttributes (570ms)
				ProcessInitializeOnLoadMethodAttributes (7ms)
				AfterProcessingInitializeOnLoad (1ms)
				EditorAssembliesLoaded (0ms)
			ExecutionOrderSort2 (0ms)
			AwakeInstancesAfterBackupRestoration (6ms)
Platform modules already initialized, skipping
Refreshing native plugins compatible for Editor in 0.47 ms, found 2 plugins.
Preloading 0 native plugins for Editor in 0.00 ms.
Unloading 2303 Unused Serialized files (Serialized files now loaded: 0)
System memory in use before: 280.4 MB.
System memory in use after: 280.4 MB.

Unloading 19 unused Assets to reduce memory usage. Loaded Objects now: 2887.
Total: 3.916637 ms (FindLiveObjects: 0.253918 ms CreateObjectMapping: 0.140846 ms MarkObjects: 3.206685 ms  DeleteObjects: 0.314390 ms)

AssetImportParameters requested are different than current active one (requested -> active):
  custom:video-decoder-ogg-theora: a1e56fd34408186e4bbccfd4996cb3dc -> 
  custom:container-muxer-webm: aa71ff27fc2769a1b78a27578f13a17b -> 
  custom:container-demuxer-webm: 4f35f7cbe854078d1ac9338744f61a02 -> 
  custom:container-demuxer-ogg: 62fdf1f143b41e24485cea50d1cbac27 -> 
  custom:video-encoder-webm-vp8: eb34c28f22e8b96e1ab97ce403110664 -> 
  custom:framework-osx-AVFoundation: e770b220cccbd017edd2c1fefb359320 -> 
  custom:video-decoder-webm-vp8: 9c59270c3fd7afecdb556c50c9e8de78 -> 
  custom:audio-decoder-ogg-vorbis: bf7c407c2cedff20999df2af8eb42d56 -> 
  custom:audio-encoder-webm-vorbis: bf7c407c2cedff20999df2af8eb42d56 -> 
========================================================================
Received Prepare
Registering precompiled user dll's ...
Registered in 0.001989 seconds.
Begin MonoManager ReloadAssembly
Native extension for OSXStandalone target not found
Native extension for WebGL target not found
Refreshing native plugins compatible for Editor in 0.47 ms, found 2 plugins.
Preloading 0 native plugins for Editor in 0.00 ms.
2021-11-18 00:44:22.719 Unity[68729:527485] NSEventModifierFlagFunction specified to -setKeyEquivalentModifierMask: for item <NSMenuItem: 0x600002f27410 Font Asset, ke='Command-F12'>, but is only supported for system-provided menu items; will not be used
Mono: successfully reloaded assembly
- Completed reload, in  1.393 seconds
Domain Reload Profiling:
	ReloadAssembly (1394ms)
		BeginReloadAssembly (133ms)
			ExecutionOrderSort (0ms)
			DisableScriptedObjects (4ms)
			BackupInstance (0ms)
			ReleaseScriptingObjects (0ms)
			CreateAndSetChildDomain (56ms)
		EndReloadAssembly (1201ms)
			LoadAssemblies (79ms)
			RebuildTransferFunctionScriptingTraits (0ms)
			SetupTypeCache (297ms)
			ReleaseScriptCaches (1ms)
			RebuildScriptCaches (43ms)
			SetupLoadedEditorAssemblies (677ms)
				LogAssemblyErrors (0ms)
				InitializePlatformSupportModulesInManaged (4ms)
				SetLoadedEditorAssemblies (0ms)
				RefreshPlugins (0ms)
				BeforeProcessingInitializeOnLoad (92ms)
				ProcessInitializeOnLoadAttributes (572ms)
				ProcessInitializeOnLoadMethodAttributes (7ms)
				AfterProcessingInitializeOnLoad (2ms)
				EditorAssembliesLoaded (0ms)
			ExecutionOrderSort2 (0ms)
			AwakeInstancesAfterBackupRestoration (6ms)
Platform modules already initialized, skipping
Refreshing native plugins compatible for Editor in 0.66 ms, found 2 plugins.
Preloading 0 native plugins for Editor in 0.00 ms.
Unloading 2303 Unused Serialized files (Serialized files now loaded: 0)
System memory in use before: 280.5 MB.
System memory in use after: 280.6 MB.

Unloading 18 unused Assets to reduce memory usage. Loaded Objects now: 2889.
Total: 3.006384 ms (FindLiveObjects: 0.198996 ms CreateObjectMapping: 0.081864 ms MarkObjects: 2.527118 ms  DeleteObjects: 0.197800 ms)

AssetImportParameters requested are different than current active one (requested -> active):
  custom:video-decoder-ogg-theora: a1e56fd34408186e4bbccfd4996cb3dc -> 
  custom:container-muxer-webm: aa71ff27fc2769a1b78a27578f13a17b -> 
  custom:container-demuxer-webm: 4f35f7cbe854078d1ac9338744f61a02 -> 
  custom:container-demuxer-ogg: 62fdf1f143b41e24485cea50d1cbac27 -> 
  custom:video-encoder-webm-vp8: eb34c28f22e8b96e1ab97ce403110664 -> 
  custom:framework-osx-AVFoundation: e770b220cccbd017edd2c1fefb359320 -> 
  custom:video-decoder-webm-vp8: 9c59270c3fd7afecdb556c50c9e8de78 -> 
  custom:audio-decoder-ogg-vorbis: bf7c407c2cedff20999df2af8eb42d56 -> 
  custom:audio-encoder-webm-vorbis: bf7c407c2cedff20999df2af8eb42d56 -> 
========================================================================
Received Prepare
Registering precompiled user dll's ...
Registered in 0.003440 seconds.
Begin MonoManager ReloadAssembly
Native extension for OSXStandalone target not found
Native extension for WebGL target not found
Refreshing native plugins compatible for Editor in 0.55 ms, found 2 plugins.
Preloading 0 native plugins for Editor in 0.00 ms.
2021-11-18 00:45:08.595 Unity[68729:527485] NSEventModifierFlagFunction specified to -setKeyEquivalentModifierMask: for item <NSMenuItem: 0x600002f29d50 Font Asset, ke='Command-F12'>, but is only supported for system-provided menu items; will not be used
Mono: successfully reloaded assembly
- Completed reload, in  1.359 seconds
Domain Reload Profiling:
	ReloadAssembly (1360ms)
		BeginReloadAssembly (114ms)
			ExecutionOrderSort (0ms)
			DisableScriptedObjects (5ms)
			BackupInstance (0ms)
			ReleaseScriptingObjects (0ms)
			CreateAndSetChildDomain (48ms)
		EndReloadAssembly (1190ms)
			LoadAssemblies (69ms)
			RebuildTransferFunctionScriptingTraits (0ms)
			SetupTypeCache (298ms)
			ReleaseScriptCaches (1ms)
			RebuildScriptCaches (44ms)
			SetupLoadedEditorAssemblies (668ms)
				LogAssemblyErrors (0ms)
				InitializePlatformSupportModulesInManaged (4ms)
				SetLoadedEditorAssemblies (0ms)
				RefreshPlugins (1ms)
				BeforeProcessingInitializeOnLoad (96ms)
				ProcessInitializeOnLoadAttributes (559ms)
				ProcessInitializeOnLoadMethodAttributes (7ms)
				AfterProcessingInitializeOnLoad (1ms)
				EditorAssembliesLoaded (0ms)
			ExecutionOrderSort2 (0ms)
			AwakeInstancesAfterBackupRestoration (6ms)
Platform modules already initialized, skipping
Refreshing native plugins compatible for Editor in 0.46 ms, found 2 plugins.
Preloading 0 native plugins for Editor in 0.00 ms.
Unloading 2303 Unused Serialized files (Serialized files now loaded: 0)
System memory in use before: 280.8 MB.
System memory in use after: 280.8 MB.

Unloading 18 unused Assets to reduce memory usage. Loaded Objects now: 2891.
Total: 3.508848 ms (FindLiveObjects: 0.223116 ms CreateObjectMapping: 0.096458 ms MarkObjects: 2.968706 ms  DeleteObjects: 0.219732 ms)

AssetImportParameters requested are different than current active one (requested -> active):
  custom:video-decoder-ogg-theora: a1e56fd34408186e4bbccfd4996cb3dc -> 
  custom:container-muxer-webm: aa71ff27fc2769a1b78a27578f13a17b -> 
  custom:container-demuxer-webm: 4f35f7cbe854078d1ac9338744f61a02 -> 
  custom:container-demuxer-ogg: 62fdf1f143b41e24485cea50d1cbac27 -> 
  custom:video-encoder-webm-vp8: eb34c28f22e8b96e1ab97ce403110664 -> 
  custom:framework-osx-AVFoundation: e770b220cccbd017edd2c1fefb359320 -> 
  custom:video-decoder-webm-vp8: 9c59270c3fd7afecdb556c50c9e8de78 -> 
  custom:audio-decoder-ogg-vorbis: bf7c407c2cedff20999df2af8eb42d56 -> 
  custom:audio-encoder-webm-vorbis: bf7c407c2cedff20999df2af8eb42d56 -> 
========================================================================
Received Import Request.
  Time since last request: 110.569844 seconds.
  path: Assets/ImportedAssets/SkySerie Freebie/New Material.mat
  artifactKey: Guid(0a68d054c53524deb9f63b7002206a0e) Importer(815301076,1909f56bfc062723c751e8b465ee728b)
Start importing Assets/ImportedAssets/SkySerie Freebie/New Material.mat using Guid(0a68d054c53524deb9f63b7002206a0e) Importer(815301076,1909f56bfc062723c751e8b465ee728b)  -> (artifact id: 'd615060abf4ca473d484d323656a13d5') in 0.188536 seconds 
  Import took 0.193044 seconds .

========================================================================
Received Prepare
Registering precompiled user dll's ...
Registered in 0.008846 seconds.
Begin MonoManager ReloadAssembly
Native extension for OSXStandalone target not found
Native extension for WebGL target not found
Refreshing native plugins compatible for Editor in 0.53 ms, found 2 plugins.
Preloading 0 native plugins for Editor in 0.00 ms.
2021-11-18 00:45:54.264 Unity[68729:527485] NSEventModifierFlagFunction specified to -setKeyEquivalentModifierMask: for item <NSMenuItem: 0x600002f70ee0 Font Asset, ke='Command-F12'>, but is only supported for system-provided menu items; will not be used
Mono: successfully reloaded assembly
- Completed reload, in  1.508 seconds
Domain Reload Profiling:
	ReloadAssembly (1509ms)
		BeginReloadAssembly (126ms)
			ExecutionOrderSort (0ms)
			DisableScriptedObjects (5ms)
			BackupInstance (0ms)
			ReleaseScriptingObjects (0ms)
			CreateAndSetChildDomain (55ms)
		EndReloadAssembly (1324ms)
			LoadAssemblies (100ms)
			RebuildTransferFunctionScriptingTraits (0ms)
			SetupTypeCache (314ms)
			ReleaseScriptCaches (1ms)
			RebuildScriptCaches (46ms)
			SetupLoadedEditorAssemblies (736ms)
				LogAssemblyErrors (0ms)
				InitializePlatformSupportModulesInManaged (5ms)
				SetLoadedEditorAssemblies (0ms)
				RefreshPlugins (1ms)
				BeforeProcessingInitializeOnLoad (96ms)
				ProcessInitializeOnLoadAttributes (619ms)
				ProcessInitializeOnLoadMethodAttributes (14ms)
				AfterProcessingInitializeOnLoad (2ms)
				EditorAssembliesLoaded (0ms)
			ExecutionOrderSort2 (0ms)
			AwakeInstancesAfterBackupRestoration (8ms)
Platform modules already initialized, skipping
Refreshing native plugins compatible for Editor in 0.47 ms, found 2 plugins.
Preloading 0 native plugins for Editor in 0.00 ms.
Unloading 2303 Unused Serialized files (Serialized files now loaded: 0)
System memory in use before: 285.8 MB.
System memory in use after: 285.9 MB.

Unloading 18 unused Assets to reduce memory usage. Loaded Objects now: 2932.
Total: 3.300429 ms (FindLiveObjects: 0.200964 ms CreateObjectMapping: 0.091029 ms MarkObjects: 2.818668 ms  DeleteObjects: 0.189070 ms)

AssetImportParameters requested are different than current active one (requested -> active):
  custom:video-decoder-ogg-theora: a1e56fd34408186e4bbccfd4996cb3dc -> 
  custom:container-muxer-webm: aa71ff27fc2769a1b78a27578f13a17b -> 
  custom:container-demuxer-webm: 4f35f7cbe854078d1ac9338744f61a02 -> 
  custom:container-demuxer-ogg: 62fdf1f143b41e24485cea50d1cbac27 -> 
  custom:video-encoder-webm-vp8: eb34c28f22e8b96e1ab97ce403110664 -> 
  custom:framework-osx-AVFoundation: e770b220cccbd017edd2c1fefb359320 -> 
  custom:video-decoder-webm-vp8: 9c59270c3fd7afecdb556c50c9e8de78 -> 
  custom:audio-decoder-ogg-vorbis: bf7c407c2cedff20999df2af8eb42d56 -> 
  custom:audio-encoder-webm-vorbis: bf7c407c2cedff20999df2af8eb42d56 -> 
========================================================================
Received Import Request.
  Time since last request: 239.138000 seconds.
  path: Assets/ImportedAssets/SkySerie Freebie/New Material.mat
  artifactKey: Guid(0a68d054c53524deb9f63b7002206a0e) Importer(815301076,1909f56bfc062723c751e8b465ee728b)
Start importing Assets/ImportedAssets/SkySerie Freebie/New Material.mat using Guid(0a68d054c53524deb9f63b7002206a0e) Importer(815301076,1909f56bfc062723c751e8b465ee728b)  -> (artifact id: 'd655c7c095ccf811ecd8d54ef8542b6a') in 0.147038 seconds 
  Import took 0.150745 seconds .

========================================================================
Received Prepare
Registering precompiled user dll's ...
Registered in 0.003528 seconds.
Begin MonoManager ReloadAssembly
Native extension for OSXStandalone target not found
Native extension for WebGL target not found
Refreshing native plugins compatible for Editor in 0.47 ms, found 2 plugins.
Preloading 0 native plugins for Editor in 0.00 ms.
2021-11-18 00:50:25.498 Unity[68729:527485] NSEventModifierFlagFunction specified to -setKeyEquivalentModifierMask: for item <NSMenuItem: 0x600002f45e30 Font Asset, ke='Command-F12'>, but is only supported for system-provided menu items; will not be used
Mono: successfully reloaded assembly
- Completed reload, in  1.507 seconds
Domain Reload Profiling:
	ReloadAssembly (1507ms)
		BeginReloadAssembly (111ms)
			ExecutionOrderSort (0ms)
			DisableScriptedObjects (4ms)
			BackupInstance (0ms)
			ReleaseScriptingObjects (0ms)
			CreateAndSetChildDomain (47ms)
		EndReloadAssembly (1326ms)
			LoadAssemblies (74ms)
			RebuildTransferFunctionScriptingTraits (0ms)
			SetupTypeCache (348ms)
			ReleaseScriptCaches (1ms)
			RebuildScriptCaches (53ms)
			SetupLoadedEditorAssemblies (716ms)
				LogAssemblyErrors (0ms)
				InitializePlatformSupportModulesInManaged (5ms)
				SetLoadedEditorAssemblies (0ms)
				RefreshPlugins (0ms)
				BeforeProcessingInitializeOnLoad (106ms)
				ProcessInitializeOnLoadAttributes (595ms)
				ProcessInitializeOnLoadMethodAttributes (8ms)
				AfterProcessingInitializeOnLoad (1ms)
				EditorAssembliesLoaded (0ms)
			ExecutionOrderSort2 (0ms)
			AwakeInstancesAfterBackupRestoration (7ms)
Platform modules already initialized, skipping
Refreshing native plugins compatible for Editor in 0.47 ms, found 2 plugins.
Preloading 0 native plugins for Editor in 0.00 ms.
Unloading 2303 Unused Serialized files (Serialized files now loaded: 0)
System memory in use before: 286.1 MB.
System memory in use after: 286.1 MB.

Unloading 18 unused Assets to reduce memory usage. Loaded Objects now: 2935.
Total: 3.255571 ms (FindLiveObjects: 0.221756 ms CreateObjectMapping: 0.086060 ms MarkObjects: 2.732676 ms  DeleteObjects: 0.214377 ms)

AssetImportParameters requested are different than current active one (requested -> active):
  custom:video-decoder-ogg-theora: a1e56fd34408186e4bbccfd4996cb3dc -> 
  custom:container-muxer-webm: aa71ff27fc2769a1b78a27578f13a17b -> 
  custom:container-demuxer-webm: 4f35f7cbe854078d1ac9338744f61a02 -> 
  custom:container-demuxer-ogg: 62fdf1f143b41e24485cea50d1cbac27 -> 
  custom:video-encoder-webm-vp8: eb34c28f22e8b96e1ab97ce403110664 -> 
  custom:framework-osx-AVFoundation: e770b220cccbd017edd2c1fefb359320 -> 
  custom:video-decoder-webm-vp8: 9c59270c3fd7afecdb556c50c9e8de78 -> 
  custom:audio-decoder-ogg-vorbis: bf7c407c2cedff20999df2af8eb42d56 -> 
  custom:audio-encoder-webm-vorbis: bf7c407c2cedff20999df2af8eb42d56 -> 
========================================================================
Received Prepare
Registering precompiled user dll's ...
Registered in 0.001836 seconds.
Begin MonoManager ReloadAssembly
Native extension for OSXStandalone target not found
Native extension for WebGL target not found
Refreshing native plugins compatible for Editor in 0.55 ms, found 2 plugins.
Preloading 0 native plugins for Editor in 0.00 ms.
2021-11-18 00:52:21.264 Unity[68729:527485] NSEventModifierFlagFunction specified to -setKeyEquivalentModifierMask: for item <NSMenuItem: 0x600002f27e20 Font Asset, ke='Command-F12'>, but is only supported for system-provided menu items; will not be used
Mono: successfully reloaded assembly
- Completed reload, in  1.427 seconds
Domain Reload Profiling:
	ReloadAssembly (1427ms)
		BeginReloadAssembly (113ms)
			ExecutionOrderSort (0ms)
			DisableScriptedObjects (4ms)
			BackupInstance (0ms)
			ReleaseScriptingObjects (0ms)
			CreateAndSetChildDomain (48ms)
		EndReloadAssembly (1252ms)
			LoadAssemblies (71ms)
			RebuildTransferFunctionScriptingTraits (0ms)
			SetupTypeCache (332ms)
			ReleaseScriptCaches (1ms)
			RebuildScriptCaches (44ms)
			SetupLoadedEditorAssemblies (685ms)
				LogAssemblyErrors (0ms)
				InitializePlatformSupportModulesInManaged (5ms)
				SetLoadedEditorAssemblies (0ms)
				RefreshPlugins (1ms)
				BeforeProcessingInitializeOnLoad (101ms)
				ProcessInitializeOnLoadAttributes (570ms)
				ProcessInitializeOnLoadMethodAttributes (7ms)
				AfterProcessingInitializeOnLoad (1ms)
				EditorAssembliesLoaded (0ms)
			ExecutionOrderSort2 (0ms)
			AwakeInstancesAfterBackupRestoration (8ms)
Platform modules already initialized, skipping
Refreshing native plugins compatible for Editor in 0.49 ms, found 2 plugins.
Preloading 0 native plugins for Editor in 0.00 ms.
Unloading 2303 Unused Serialized files (Serialized files now loaded: 0)
System memory in use before: 286.4 MB.
System memory in use after: 286.5 MB.

Unloading 18 unused Assets to reduce memory usage. Loaded Objects now: 2937.
Total: 3.381967 ms (FindLiveObjects: 0.225231 ms CreateObjectMapping: 0.087323 ms MarkObjects: 2.849608 ms  DeleteObjects: 0.219092 ms)

AssetImportParameters requested are different than current active one (requested -> active):
  custom:video-decoder-ogg-theora: a1e56fd34408186e4bbccfd4996cb3dc -> 
  custom:container-muxer-webm: aa71ff27fc2769a1b78a27578f13a17b -> 
  custom:container-demuxer-webm: 4f35f7cbe854078d1ac9338744f61a02 -> 
  custom:container-demuxer-ogg: 62fdf1f143b41e24485cea50d1cbac27 -> 
  custom:video-encoder-webm-vp8: eb34c28f22e8b96e1ab97ce403110664 -> 
  custom:framework-osx-AVFoundation: e770b220cccbd017edd2c1fefb359320 -> 
  custom:video-decoder-webm-vp8: 9c59270c3fd7afecdb556c50c9e8de78 -> 
  custom:audio-decoder-ogg-vorbis: bf7c407c2cedff20999df2af8eb42d56 -> 
  custom:audio-encoder-webm-vorbis: bf7c407c2cedff20999df2af8eb42d56 -> 
========================================================================
Received Import Request.
  Time since last request: 226.336809 seconds.
  path: Assets/ImportedAssets/FurnishedCabin/Prefabs/PFB_Basket.prefab
  artifactKey: Guid(16cf0b07a33e1b64783881738c2af316) Importer(815301076,1909f56bfc062723c751e8b465ee728b)
Start importing Assets/ImportedAssets/FurnishedCabin/Prefabs/PFB_Basket.prefab using Guid(16cf0b07a33e1b64783881738c2af316) Importer(815301076,1909f56bfc062723c751e8b465ee728b)  -> (artifact id: '8fba648711777a7c587bdef7821792b2') in 0.309175 seconds 
  Import took 0.314848 seconds .

========================================================================
Received Import Request.
  Time since last request: 0.002701 seconds.
  path: Assets/ImportedAssets/FurnishedCabin/Prefabs/PFB_TV.prefab
  artifactKey: Guid(75434d6852c358145ab099a0eaeea877) Importer(815301076,1909f56bfc062723c751e8b465ee728b)
Start importing Assets/ImportedAssets/FurnishedCabin/Prefabs/PFB_TV.prefab using Guid(75434d6852c358145ab099a0eaeea877) Importer(815301076,1909f56bfc062723c751e8b465ee728b)  -> (artifact id: '807b65e35af156d0b3c7938d521967fc') in 0.113485 seconds 
  Import took 0.118543 seconds .

========================================================================
Received Import Request.
  Time since last request: 0.000289 seconds.
  path: Assets/ImportedAssets/FurnishedCabin/Prefabs/PFB_Sofa.prefab
  artifactKey: Guid(0be9e975c7e9e6443864b5a1acd5a997) Importer(815301076,1909f56bfc062723c751e8b465ee728b)
Start importing Assets/ImportedAssets/FurnishedCabin/Prefabs/PFB_Sofa.prefab using Guid(0be9e975c7e9e6443864b5a1acd5a997) Importer(815301076,1909f56bfc062723c751e8b465ee728b)  -> (artifact id: 'b50da97e3ca6e6b7aad9e54278ea8fc4') in 0.062958 seconds 
  Import took 0.067971 seconds .

========================================================================
Received Import Request.
  Time since last request: 0.000372 seconds.
  path: Assets/ImportedAssets/FurnishedCabin/Prefabs/PFB_Toilet.prefab
  artifactKey: Guid(7a8fd6e5d2a1848aba8436a31780d21d) Importer(815301076,1909f56bfc062723c751e8b465ee728b)
Start importing Assets/ImportedAssets/FurnishedCabin/Prefabs/PFB_Toilet.prefab using Guid(7a8fd6e5d2a1848aba8436a31780d21d) Importer(815301076,1909f56bfc062723c751e8b465ee728b)  -> (artifact id: 'b9b164ec0a7125aa0cdc5171fae4a29a') in 0.040046 seconds 
  Import took 0.045773 seconds .

========================================================================
Received Import Request.
  Time since last request: 0.000297 seconds.
  path: Assets/ImportedAssets/FurnishedCabin/Prefabs/PFB_Lightswitch.prefab
  artifactKey: Guid(6bf9d6b9bf8c7432bac2e53f43134d81) Importer(815301076,1909f56bfc062723c751e8b465ee728b)
Start importing Assets/ImportedAssets/FurnishedCabin/Prefabs/PFB_Lightswitch.prefab using Guid(6bf9d6b9bf8c7432bac2e53f43134d81) Importer(815301076,1909f56bfc062723c751e8b465ee728b)  -> (artifact id: '6f38ac7fc514113961839cefa37c24f1') in 0.035311 seconds 
  Import took 0.041506 seconds .

========================================================================
Received Import Request.
  Time since last request: 0.000245 seconds.
  path: Assets/ImportedAssets/FurnishedCabin/Prefabs/PFB_KitchenBench.prefab
  artifactKey: Guid(1b94ae05025ef3f46ae988df48f631f4) Importer(815301076,1909f56bfc062723c751e8b465ee728b)
Start importing Assets/ImportedAssets/FurnishedCabin/Prefabs/PFB_KitchenBench.prefab using Guid(1b94ae05025ef3f46ae988df48f631f4) Importer(815301076,1909f56bfc062723c751e8b465ee728b)  -> (artifact id: '5f2a12fd08d0c8f23d55fc4ee42b44f0') in 0.073661 seconds 
  Import took 0.080075 seconds .

========================================================================
Received Import Request.
  Time since last request: 0.000292 seconds.
  path: Assets/ImportedAssets/FurnishedCabin/Prefabs/PFB_Fireplace.prefab
  artifactKey: Guid(1b7ab3c94b4b2d440bf026a92fefba26) Importer(815301076,1909f56bfc062723c751e8b465ee728b)
Start importing Assets/ImportedAssets/FurnishedCabin/Prefabs/PFB_Fireplace.prefab using Guid(1b7ab3c94b4b2d440bf026a92fefba26) Importer(815301076,1909f56bfc062723c751e8b465ee728b)  -> (artifact id: '9f7afb00c82b5190a93a3966e2bf9401') in 0.040709 seconds 
  Import took 0.047111 seconds .

========================================================================
Received Import Request.
  Time since last request: 0.000442 seconds.
  path: Assets/ImportedAssets/FurnishedCabin/Prefabs/PFB_FreestandMirror.prefab
  artifactKey: Guid(2ea70cfc6abb70047895befe277f8ec1) Importer(815301076,1909f56bfc062723c751e8b465ee728b)
Start importing Assets/ImportedAssets/FurnishedCabin/Prefabs/PFB_FreestandMirror.prefab using Guid(2ea70cfc6abb70047895befe277f8ec1) Importer(815301076,1909f56bfc062723c751e8b465ee728b)  -> (artifact id: '39765e5547b8510c22467f4eab897e41') in 0.175662 seconds 
  Import took 0.179751 seconds .

========================================================================
Received Import Request.
  Time since last request: 0.000248 seconds.
  path: Assets/ImportedAssets/FurnishedCabin/Prefabs/PFB_ChestOfDraws.prefab
  artifactKey: Guid(9c7f97eb257571446a2c55ad625cac36) Importer(815301076,1909f56bfc062723c751e8b465ee728b)
Start importing Assets/ImportedAssets/FurnishedCabin/Prefabs/PFB_ChestOfDraws.prefab using Guid(9c7f97eb257571446a2c55ad625cac36) Importer(815301076,1909f56bfc062723c751e8b465ee728b)  -> (artifact id: '01b23af848794b6e21f89ab60304e8a3') in 0.063958 seconds 
  Import took 0.069577 seconds .

========================================================================
Received Import Request.
  Time since last request: 0.000431 seconds.
  path: Assets/ImportedAssets/FurnishedCabin/Prefabs/PFB_SofaSmall.prefab
  artifactKey: Guid(7c906863315f9f64da34fd6af330be55) Importer(815301076,1909f56bfc062723c751e8b465ee728b)
Start importing Assets/ImportedAssets/FurnishedCabin/Prefabs/PFB_SofaSmall.prefab using Guid(7c906863315f9f64da34fd6af330be55) Importer(815301076,1909f56bfc062723c751e8b465ee728b)  -> (artifact id: 'bb53f33b9ca827ddc23d4b6421bf7022') in 0.037743 seconds 
  Import took 0.043516 seconds .

========================================================================
Received Import Request.
  Time since last request: 0.000337 seconds.
  path: Assets/ImportedAssets/FurnishedCabin/Prefabs/PFB_DoorDouble.prefab
  artifactKey: Guid(ac68e55b35e3a764f876df36eadf8c9b) Importer(815301076,1909f56bfc062723c751e8b465ee728b)
Start importing Assets/ImportedAssets/FurnishedCabin/Prefabs/PFB_DoorDouble.prefab using Guid(ac68e55b35e3a764f876df36eadf8c9b) Importer(815301076,1909f56bfc062723c751e8b465ee728b)  -> (artifact id: '4a1d68ba677c32bd2c5baf704fe04764') in 0.035054 seconds 
  Import took 0.039856 seconds .

========================================================================
Received Import Request.
  Time since last request: 0.000301 seconds.
  path: Assets/ImportedAssets/FurnishedCabin/Prefabs/PFB_Lamp.prefab
  artifactKey: Guid(0ed008a5c5ee53c49a715afe02ba2651) Importer(815301076,1909f56bfc062723c751e8b465ee728b)
Start importing Assets/ImportedAssets/FurnishedCabin/Prefabs/PFB_Lamp.prefab using Guid(0ed008a5c5ee53c49a715afe02ba2651) Importer(815301076,1909f56bfc062723c751e8b465ee728b)  -> (artifact id: 'c0eb2d0ee42b6766bce603a22a03bf8c') in 0.037014 seconds 
  Import took 0.042677 seconds .

========================================================================
Received Import Request.
  Time since last request: 0.000299 seconds.
  path: Assets/ImportedAssets/FurnishedCabin/Prefabs/PFB_LightCover.prefab
  artifactKey: Guid(540dc2ae93c244ca2abe6650ce07e4a0) Importer(815301076,1909f56bfc062723c751e8b465ee728b)
Start importing Assets/ImportedAssets/FurnishedCabin/Prefabs/PFB_LightCover.prefab using Guid(540dc2ae93c244ca2abe6650ce07e4a0) Importer(815301076,1909f56bfc062723c751e8b465ee728b)  -> (artifact id: '1d60c75b69d8f20d858dba0d5732f973') in 0.036659 seconds 
  Import took 0.042005 seconds .

========================================================================
Received Import Request.
  Time since last request: 0.000320 seconds.
  path: Assets/ImportedAssets/FurnishedCabin/Prefabs/PFB_Building_Full.prefab
  artifactKey: Guid(23d25b2e2d4364dd4b92c52ef40cd36e) Importer(815301076,1909f56bfc062723c751e8b465ee728b)
Start importing Assets/ImportedAssets/FurnishedCabin/Prefabs/PFB_Building_Full.prefab using Guid(23d25b2e2d4364dd4b92c52ef40cd36e) Importer(815301076,1909f56bfc062723c751e8b465ee728b)  -> (artifact id: '00e9b925e80ca0797b4b6f83f917cded') in 0.339561 seconds 
  Import took 0.368774 seconds .

========================================================================
Received Import Request.
  Time since last request: 0.000281 seconds.
  path: Assets/ImportedAssets/FurnishedCabin/Prefabs/PFB_Towel.prefab
  artifactKey: Guid(d963a40a186434f2796eec79a4a0f468) Importer(815301076,1909f56bfc062723c751e8b465ee728b)
Start importing Assets/ImportedAssets/FurnishedCabin/Prefabs/PFB_Towel.prefab using Guid(d963a40a186434f2796eec79a4a0f468) Importer(815301076,1909f56bfc062723c751e8b465ee728b)  -> (artifact id: 'b86ebf45e020c3dedc3486c9cb61f286') in 0.042081 seconds 
  Import took 0.047067 seconds .

========================================================================
Received Import Request.
  Time since last request: 0.000222 seconds.
  path: Assets/ImportedAssets/FurnishedCabin/Prefabs/PFB_DiningChair.prefab
  artifactKey: Guid(b71ce427e285dd0449ef7280d71a1f05) Importer(815301076,1909f56bfc062723c751e8b465ee728b)
Start importing Assets/ImportedAssets/FurnishedCabin/Prefabs/PFB_DiningChair.prefab using Guid(b71ce427e285dd0449ef7280d71a1f05) Importer(815301076,1909f56bfc062723c751e8b465ee728b)  -> (artifact id: 'a28dd0aeeca1fc8b8807a6f192e06bd9') in 0.028125 seconds 
  Import took 0.033474 seconds .

========================================================================
Received Import Request.
  Time since last request: 0.000222 seconds.
  path: Assets/ImportedAssets/FurnishedCabin/Prefabs/PFB_Closet.prefab
  artifactKey: Guid(cca0faf8c0b2df24d8a7c55bf6a54e0f) Importer(815301076,1909f56bfc062723c751e8b465ee728b)
Start importing Assets/ImportedAssets/FurnishedCabin/Prefabs/PFB_Closet.prefab using Guid(cca0faf8c0b2df24d8a7c55bf6a54e0f) Importer(815301076,1909f56bfc062723c751e8b465ee728b)  -> (artifact id: '710643373d8f0dc2a6948691f78952de') in 0.041797 seconds 
  Import took 0.047402 seconds .

========================================================================
Received Import Request.
  Time since last request: 0.000296 seconds.
  path: Assets/ImportedAssets/FurnishedCabin/Prefabs/PFB_Curtain.prefab
  artifactKey: Guid(44c88c687c38c154abd2696cc1930191) Importer(815301076,1909f56bfc062723c751e8b465ee728b)
Start importing Assets/ImportedAssets/FurnishedCabin/Prefabs/PFB_Curtain.prefab using Guid(44c88c687c38c154abd2696cc1930191) Importer(815301076,1909f56bfc062723c751e8b465ee728b)  -> (artifact id: '9b269c0a715cdb1eb97074815c53535a') in 0.037797 seconds 
  Import took 0.043836 seconds .

========================================================================
Received Import Request.
  Time since last request: 0.000316 seconds.
  path: Assets/ImportedAssets/FurnishedCabin/Prefabs/PFB_DoorSingle_Open.prefab
  artifactKey: Guid(474e596dc3e339e42bef4bf139d2e520) Importer(815301076,1909f56bfc062723c751e8b465ee728b)
Start importing Assets/ImportedAssets/FurnishedCabin/Prefabs/PFB_DoorSingle_Open.prefab using Guid(474e596dc3e339e42bef4bf139d2e520) Importer(815301076,1909f56bfc062723c751e8b465ee728b)  -> (artifact id: 'b136f101639ea1482b87c32523381dba') in 0.034625 seconds 
  Import took 0.039483 seconds .

========================================================================
Received Import Request.
  Time since last request: 0.000292 seconds.
  path: Assets/ImportedAssets/FurnishedCabin/Prefabs/PFB_BedroomSofa.prefab
  artifactKey: Guid(6bc723721c741354c88f65e65b476d16) Importer(815301076,1909f56bfc062723c751e8b465ee728b)
Start importing Assets/ImportedAssets/FurnishedCabin/Prefabs/PFB_BedroomSofa.prefab using Guid(6bc723721c741354c88f65e65b476d16) Importer(815301076,1909f56bfc062723c751e8b465ee728b)  -> (artifact id: '1e13b9f822cdff4b7add9ec3ba051c56') in 0.035420 seconds 
  Import took 0.040611 seconds .

========================================================================
Received Import Request.
  Time since last request: 0.000310 seconds.
  path: Assets/ImportedAssets/FurnishedCabin/Prefabs/PFB_Building_Base.prefab
  artifactKey: Guid(ba124179af6a3a7469f127358241673d) Importer(815301076,1909f56bfc062723c751e8b465ee728b)
Start importing Assets/ImportedAssets/FurnishedCabin/Prefabs/PFB_Building_Base.prefab using Guid(ba124179af6a3a7469f127358241673d) Importer(815301076,1909f56bfc062723c751e8b465ee728b)  -> (artifact id: '66b5240c8bad551c37383f0324e46f0c') in 0.188567 seconds 
  Import took 0.210109 seconds .

========================================================================
Received Import Request.
  Time since last request: 0.000290 seconds.
  path: Assets/ImportedAssets/FurnishedCabin/Prefabs/PFB_CurtainSmall.prefab
  artifactKey: Guid(3756df4f16ccd9f42bec486ecb3219ff) Importer(815301076,1909f56bfc062723c751e8b465ee728b)
Start importing Assets/ImportedAssets/FurnishedCabin/Prefabs/PFB_CurtainSmall.prefab using Guid(3756df4f16ccd9f42bec486ecb3219ff) Importer(815301076,1909f56bfc062723c751e8b465ee728b)  -> (artifact id: '8ea29d569839e163fb63fddf1982090d') in 0.075569 seconds 
  Import took 0.081671 seconds .

========================================================================
Received Import Request.
  Time since last request: 0.000297 seconds.
  path: Assets/ImportedAssets/FurnishedCabin/Prefabs/PFB_CoffeeTable.prefab
  artifactKey: Guid(568e39ea4381d3c4ab1c3da2fce94a85) Importer(815301076,1909f56bfc062723c751e8b465ee728b)
Start importing Assets/ImportedAssets/FurnishedCabin/Prefabs/PFB_CoffeeTable.prefab using Guid(568e39ea4381d3c4ab1c3da2fce94a85) Importer(815301076,1909f56bfc062723c751e8b465ee728b)  -> (artifact id: '443eb4ca5d94459553daf4394fdba0a7') in 0.036309 seconds 
  Import took 0.041649 seconds .

========================================================================
Received Import Request.
  Time since last request: 0.000268 seconds.
  path: Assets/ImportedAssets/FurnishedCabin/Prefabs/PFB_DiningTable.prefab
  artifactKey: Guid(ff9b1176aafb57843ac4773e5a331cde) Importer(815301076,1909f56bfc062723c751e8b465ee728b)
Start importing Assets/ImportedAssets/FurnishedCabin/Prefabs/PFB_DiningTable.prefab using Guid(ff9b1176aafb57843ac4773e5a331cde) Importer(815301076,1909f56bfc062723c751e8b465ee728b)  -> (artifact id: 'dc8d3325eda5fc699e8c953a31a4be82') in 0.036602 seconds 
  Import took 0.041667 seconds .

========================================================================
Received Import Request.
  Time since last request: 0.000334 seconds.
  path: Assets/ImportedAssets/FurnishedCabin/Prefabs/PFB_TVStand.prefab
  artifactKey: Guid(2c955ce5cc6b1a542900b51ed266259c) Importer(815301076,1909f56bfc062723c751e8b465ee728b)
Start importing Assets/ImportedAssets/FurnishedCabin/Prefabs/PFB_TVStand.prefab using Guid(2c955ce5cc6b1a542900b51ed266259c) Importer(815301076,1909f56bfc062723c751e8b465ee728b)  -> (artifact id: '27abcf49886b99ec86af4fd5fb6531ef') in 0.032473 seconds 
  Import took 0.037231 seconds .

========================================================================
Received Import Request.
  Time since last request: 0.000262 seconds.
  path: Assets/ImportedAssets/FurnishedCabin/Prefabs/PFB_Carpet.prefab
  artifactKey: Guid(d1202bf32ad4d33409f594a0d6a4b480) Importer(815301076,1909f56bfc062723c751e8b465ee728b)
Start importing Assets/ImportedAssets/FurnishedCabin/Prefabs/PFB_Carpet.prefab using Guid(d1202bf32ad4d33409f594a0d6a4b480) Importer(815301076,1909f56bfc062723c751e8b465ee728b)  -> (artifact id: '2001a2f389fa37ce7e2b9641a6b8024b') in 0.039692 seconds 
  Import took 0.046630 seconds .

========================================================================
Received Import Request.
  Time since last request: 0.000282 seconds.
  path: Assets/ImportedAssets/FurnishedCabin/Prefabs/PFB_Fridge.prefab
  artifactKey: Guid(e8926eaa3588748e4ae5846318659c35) Importer(815301076,1909f56bfc062723c751e8b465ee728b)
Start importing Assets/ImportedAssets/FurnishedCabin/Prefabs/PFB_Fridge.prefab using Guid(e8926eaa3588748e4ae5846318659c35) Importer(815301076,1909f56bfc062723c751e8b465ee728b)  -> (artifact id: '2af1617db77c33f9dbec4b1c11d31f09') in 0.035754 seconds 
  Import took 0.040732 seconds .

========================================================================
Received Import Request.
  Time since last request: 0.000311 seconds.
  path: Assets/ImportedAssets/FurnishedCabin/Prefabs/PFB_BedsideTable.prefab
  artifactKey: Guid(8573759d3a770094eb2998662fadeb64) Importer(815301076,1909f56bfc062723c751e8b465ee728b)
Start importing Assets/ImportedAssets/FurnishedCabin/Prefabs/PFB_BedsideTable.prefab using Guid(8573759d3a770094eb2998662fadeb64) Importer(815301076,1909f56bfc062723c751e8b465ee728b)  -> (artifact id: '85aec8c592b2e60fca1e5a4a7c7b7655') in 0.034330 seconds 
  Import took 0.039423 seconds .

========================================================================
Received Import Request.
  Time since last request: 0.000273 seconds.
  path: Assets/ImportedAssets/FurnishedCabin/Prefabs/PFB_Shower.prefab
  artifactKey: Guid(6a8e574a428559c46bc07b3246fe6028) Importer(815301076,1909f56bfc062723c751e8b465ee728b)
Start importing Assets/ImportedAssets/FurnishedCabin/Prefabs/PFB_Shower.prefab using Guid(6a8e574a428559c46bc07b3246fe6028) Importer(815301076,1909f56bfc062723c751e8b465ee728b)  -> (artifact id: 'e8f8323e4b1edfbd09a6a5458b13f134') in 0.059523 seconds 
  Import took 0.068015 seconds .

========================================================================
Received Import Request.
  Time since last request: 0.000327 seconds.
  path: Assets/ImportedAssets/FurnishedCabin/Prefabs/PFB_Stove.prefab
  artifactKey: Guid(b4764cfeb20ff438d99a93c5f344a5ee) Importer(815301076,1909f56bfc062723c751e8b465ee728b)
Start importing Assets/ImportedAssets/FurnishedCabin/Prefabs/PFB_Stove.prefab using Guid(b4764cfeb20ff438d99a93c5f344a5ee) Importer(815301076,1909f56bfc062723c751e8b465ee728b)  -> (artifact id: '20290ddeb785e5c3f75eef13616a4a41') in 0.036053 seconds 
  Import took 0.041400 seconds .

========================================================================
Received Import Request.
  Time since last request: 0.000302 seconds.
  path: Assets/ImportedAssets/FurnishedCabin/Prefabs/PFB_BathroomSink.prefab
  artifactKey: Guid(9d10197870d1b0d4faefe30b1a81d689) Importer(815301076,1909f56bfc062723c751e8b465ee728b)
Start importing Assets/ImportedAssets/FurnishedCabin/Prefabs/PFB_BathroomSink.prefab using Guid(9d10197870d1b0d4faefe30b1a81d689) Importer(815301076,1909f56bfc062723c751e8b465ee728b)  -> (artifact id: '8f4a5a31a50c5237a98f42f643417b82') in 0.053688 seconds 
  Import took 0.061247 seconds .

========================================================================
Received Import Request.
  Time since last request: 0.000266 seconds.
  path: Assets/ImportedAssets/FurnishedCabin/Prefabs/PFB_OvenExhaustFan.prefab
  artifactKey: Guid(f7d382283e94f42fc9e41231a2f3d2b7) Importer(815301076,1909f56bfc062723c751e8b465ee728b)
Start importing Assets/ImportedAssets/FurnishedCabin/Prefabs/PFB_OvenExhaustFan.prefab using Guid(f7d382283e94f42fc9e41231a2f3d2b7) Importer(815301076,1909f56bfc062723c751e8b465ee728b)  -> (artifact id: 'bbedbc7379833b4f2c2e5ab15b66db68') in 0.039916 seconds 
  Import took 0.046810 seconds .

========================================================================
Received Import Request.
  Time since last request: 0.001190 seconds.
  path: Assets/ImportedAssets/FurnishedCabin/Prefabs/PFB_Bed.prefab
  artifactKey: Guid(3f6ef443252cefb47b547930837634aa) Importer(815301076,1909f56bfc062723c751e8b465ee728b)
Start importing Assets/ImportedAssets/FurnishedCabin/Prefabs/PFB_Bed.prefab using Guid(3f6ef443252cefb47b547930837634aa) Importer(815301076,1909f56bfc062723c751e8b465ee728b)  -> (artifact id: '8c23b643c7c3a40cc00c48e8ef906b9c') in 0.035862 seconds 
  Import took 0.042292 seconds .

========================================================================
Received Import Request.
  Time since last request: 95.309709 seconds.
  path: Assets/ImportedAssets/FurnishedCabin/Animations/Pantry/Pantry_Open.anim
  artifactKey: Guid(24ecc27911b154be6b1423a8731e9309) Importer(815301076,1909f56bfc062723c751e8b465ee728b)
Start importing Assets/ImportedAssets/FurnishedCabin/Animations/Pantry/Pantry_Open.anim using Guid(24ecc27911b154be6b1423a8731e9309) Importer(815301076,1909f56bfc062723c751e8b465ee728b)  -> (artifact id: '7987a8b578c001f2fbf58c412a99d7b6') in 0.080189 seconds 
  Import took 0.084562 seconds .

========================================================================
Received Import Request.
  Time since last request: 0.301421 seconds.
  path: Assets/ImportedAssets/FurnishedCabin/Animations/Pantry/Pantry_Close.anim
  artifactKey: Guid(593e71b3d1f28435c91af4121daf7fd3) Importer(815301076,1909f56bfc062723c751e8b465ee728b)
Start importing Assets/ImportedAssets/FurnishedCabin/Animations/Pantry/Pantry_Close.anim using Guid(593e71b3d1f28435c91af4121daf7fd3) Importer(815301076,1909f56bfc062723c751e8b465ee728b)  -> (artifact id: '3ebdd8defa1464f434b7bb4b4f5a986b') in 0.005122 seconds 
  Import took 0.009810 seconds .

========================================================================
Received Import Request.
  Time since last request: 0.637573 seconds.
  path: Assets/ImportedAssets/FurnishedCabin/Animations/Pantry/PantryAnimator.controller
  artifactKey: Guid(fe30bb427e80343d7a3e88331637edee) Importer(815301076,1909f56bfc062723c751e8b465ee728b)
Start importing Assets/ImportedAssets/FurnishedCabin/Animations/Pantry/PantryAnimator.controller using Guid(fe30bb427e80343d7a3e88331637edee) Importer(815301076,1909f56bfc062723c751e8b465ee728b)  -> (artifact id: 'd6c7cbc19af8deffd9586ead5550bf51') in 0.088664 seconds 
  Import took 0.093302 seconds .

AssetImportWorkerClient::OnTransportError - code=2 error=End of file
